<?xml version="1.0" encoding="UTF-8"?>
<testng-results ignored="0" total="1" passed="1" failed="0" skipped="0">
  <reporter-output>
  </reporter-output>
  <suite started-at="2021-07-31T22:48:41 IST" name="TestNG Demo" finished-at="2021-07-31T22:49:45 IST" duration-ms="63625">
    <groups>
    </groups>
    <test started-at="2021-07-31T22:48:41 IST" name="TestNG" finished-at="2021-07-31T22:49:45 IST" duration-ms="63625">
      <class name="TestNG.TestNG_Example">
        <test-method is-config="true" signature="BrowserLaunch()[pri:0, instance:TestNG.TestNG_Example@10d307f1]" started-at="2021-07-31T22:48:41 IST" name="BrowserLaunch" finished-at="2021-07-31T22:49:33 IST" duration-ms="52407" status="PASS">
          <reporter-output>
          </reporter-output>
        </test-method> <!-- BrowserLaunch -->
        <test-method signature="verifyTitle()[pri:0, instance:TestNG.TestNG_Example@10d307f1]" started-at="2021-07-31T22:49:33 IST" name="verifyTitle" finished-at="2021-07-31T22:49:43 IST" duration-ms="9207" status="PASS">
          <reporter-output>
          </reporter-output>
        </test-method> <!-- verifyTitle -->
        <test-method is-config="true" signature="closeBrowser()[pri:0, instance:TestNG.TestNG_Example@10d307f1]" started-at="2021-07-31T22:49:43 IST" name="closeBrowser" finished-at="2021-07-31T22:49:45 IST" duration-ms="1920" status="PASS">
          <reporter-output>
          </reporter-output>
        </test-method> <!-- closeBrowser -->
      </class> <!-- TestNG.TestNG_Example -->
    </test> <!-- TestNG -->
  </suite> <!-- TestNG Demo -->
</testng-results>
